Loading stock universes...
✓ S&P 500: 502 stocks
✓ NASDAQ 100: 103 stocks
✓ Combined universe: 517 stocks (88 overlap)

Market filter passed: SPY > SMA200 on 2026-07-09 (Close=751.71, SMA200=694.04)
Scanned 100/517 tickers...
Scanned 200/517 tickers...
Scanned 300/517 tickers...
Scanned 400/517 tickers...
Scanned 500/517 tickers...

=== PULLBACK SIGNALS TODAY ===
No signals today.
Market filter passed: SPY > SMA200 on 2026-07-09 (Close=751.71, SMA200=694.04)
Scanned 100/517 tickers...
Scanned 200/517 tickers...
Scanned 300/517 tickers...
Scanned 400/517 tickers...
Scanned 500/517 tickers...

=== HIGH MOMENTUM SIGNALS: none today ===

No charts generated; skipping PDF export.

No signals today - skipping CSV save

=== CHECKING EXITS FOR 35 OPEN SIGNALS ===
  EQR: still open (7 days in trade)
  TRGP: no post-entry price data yet
  FFIV: still open (6 days in trade)
  TROW: still open (6 days in trade)
  FTV: still open (4 days in trade)
  LIN: still open (4 days in trade)
  GD: still open (4 days in trade)
  VRSK: still open (4 days in trade)
  SJM: still open (9 days in trade)
  EW: still open (9 days in trade)
  AES: still open (9 days in trade)
  UPS: still open (3 days in trade)
  MET: still open (3 days in trade)
  PAYX: still open (3 days in trade)
  PFG: still open (3 days in trade)
  ✓ INVH: stop exit on 2026-07-08 | P&L: -2.00% | days: 8
  ESS: still open (8 days in trade)
  CPT: still open (8 days in trade)
  MAA: still open (8 days in trade)
  DHR: still open (8 days in trade)
  FAST: still open (8 days in trade)
  ✓ CPB: stop exit on 2026-07-08 | P&L: -2.00% | days: 8
  ✓ AAPL: stop exit on 2026-07-08 | P&L: -2.00% | days: 2
  ✓ CPAY: stop exit on 2026-07-08 | P&L: -2.00% | days: 2
  ✓ MDT: stop exit on 2026-07-08 | P&L: -2.00% | days: 2
  SRE: still open (2 days in trade)
  PCG: still open (2 days in trade)
  MS: still open (1 days in trade)
  ✓ EL: stop exit on 2026-07-08 | P&L: -2.00% | days: 1
  DXCM: still open (1 days in trade)
  ZBH: still open (1 days in trade)
  AVB: still open (7 days in trade)
  CSX: still open (7 days in trade)
  UPS: still open (7 days in trade)
  FTV: still open (7 days in trade)

No new pullback signals to push to Supabase

============================================================
PAPER TRADING — 52-WEEK HIGH MOMENTUM
============================================================

=== PAPER TRADING: CHECKING EXITS ===
  conservative: no open trades
  aggressive: no open trades

=== PAPER TRADING: FILLING SLOTS ===
  No signals today — nothing to fill

============================================================
PAPER TRADING COMPLETE
============================================================

✅ Alert sent to Discord
