Loading stock universes...
✓ S&P 500: 503 stocks
✓ NASDAQ 100: 101 stocks
✓ Combined universe: 517 stocks (87 overlap)

Market filter passed: SPY > SMA200 on 2026-04-21 (Close=704.08, SMA200=667.31)
Scanned 100/517 tickers...
Scanned 200/517 tickers...
Scanned 300/517 tickers...
Scanned 400/517 tickers...
Scanned 500/517 tickers...
Calculating relative strength scores...

=== SIGNALS TODAY ===
 rank ticker  relative_strength  last_date
    1     BG           8.845352 2026-04-21
Saved chart: data/charts/2026/04/2026-04-21/BG/pullback_setup.png

Saved PDF gallery: data/charts/2026/04/2026-04-21/gallery_2026-04-21.pdf

Saved signals with RS: data/charts/2026/04/2026-04-21/scan_results_2026-04-21.csv

=== CHECKING EXITS FOR 11 OPEN SIGNALS ===
  APD: no post-entry price data yet
  HAL: still open (2 days in trade)
  CNP: still open (2 days in trade)
  WEC: still open (2 days in trade)
  TJX: missing buy_price or last_date, skipping
  PLTR: missing buy_price or last_date, skipping
  PFE: missing buy_price or last_date, skipping
  WELL: still open (8 days in trade)
  FFIV: still open (5 days in trade)
  PWR: still open (8 days in trade)
  EVRG: still open (2 days in trade)

✓ Pushed 1 new signals to Supabase
✅ Signal alert sent to Discord
