Loading stock universes...
✓ S&P 500: 502 stocks
✓ NASDAQ 100: 101 stocks
✓ Combined universe: 516 stocks (87 overlap)

Market filter passed: SPY > SMA200 on 2026-07-06 (Close=751.28, SMA200=692.74)
Scanned 100/516 tickers...
Scanned 200/516 tickers...
Scanned 300/516 tickers...
Scanned 400/516 tickers...
Scanned 500/516 tickers...
Calculating relative strength scores...

=== PULLBACK SIGNALS TODAY ===
 rank ticker  relative_strength  last_date
    1   AAPL           9.530660 2026-07-06
    2   CPAY           5.805972 2026-07-06
    3    MDT         -16.013999 2026-07-06
    4    SRE         -17.314032 2026-07-06
    5    PCG         -20.212496 2026-07-06
Market filter passed: SPY > SMA200 on 2026-07-06 (Close=751.28, SMA200=692.74)
Scanned 100/516 tickers...
Scanned 200/516 tickers...
Scanned 300/516 tickers...
Scanned 400/516 tickers...
Scanned 500/516 tickers...

=== HIGH MOMENTUM SIGNALS: none today ===
Saved chart: data/charts/2026/07/2026-07-06/AAPL/pullback_setup.png
Saved chart: data/charts/2026/07/2026-07-06/CPAY/pullback_setup.png
Saved chart: data/charts/2026/07/2026-07-06/MDT/pullback_setup.png
Saved chart: data/charts/2026/07/2026-07-06/SRE/pullback_setup.png
Saved chart: data/charts/2026/07/2026-07-06/PCG/pullback_setup.png

Saved PDF gallery: data/charts/2026/07/2026-07-06/gallery_2026-07-06.pdf

Saved signals with RS: data/charts/2026/07/2026-07-06/scan_results_2026-07-06.csv

=== CHECKING EXITS FOR 35 OPEN SIGNALS ===
  EQR: still open (4 days in trade)
  ✓ V: target exit on 2026-07-02 | P&L: 7.00% | days: 10
  FFIV: still open (3 days in trade)
  ✓ JBHT: stop exit on 2026-07-02 | P&L: -2.00% | days: 3
  TROW: still open (3 days in trade)
  MET: still open (3 days in trade)
  ✓ IFF: target exit on 2026-07-02 | P&L: 7.00% | days: 3
  ES: still open (8 days in trade)
  FAST: still open (8 days in trade)
  EXPD: still open (1 days in trade)
  FTV: still open (1 days in trade)
  LIN: still open (1 days in trade)
  GD: still open (1 days in trade)
  VRSK: still open (1 days in trade)
  SJM: still open (6 days in trade)
  UDR: still open (6 days in trade)
  EW: still open (6 days in trade)
  AES: still open (6 days in trade)
  UPS: no post-entry price data yet
  MET: no post-entry price data yet
  SOLV: no post-entry price data yet
  PAYX: no post-entry price data yet
  PFG: no post-entry price data yet
  MPC: no post-entry price data yet
  INVH: still open (5 days in trade)
  ESS: still open (5 days in trade)
  CPT: still open (5 days in trade)
  MAA: still open (5 days in trade)
  DHR: still open (5 days in trade)
  FAST: still open (5 days in trade)
  CPB: still open (5 days in trade)
  AVB: still open (4 days in trade)
  CSX: still open (4 days in trade)
  UPS: still open (4 days in trade)
  FTV: still open (4 days in trade)

✓ Pushed 5 new pullback signals to Supabase

============================================================
PAPER TRADING — 52-WEEK HIGH MOMENTUM
============================================================

=== PAPER TRADING: CHECKING EXITS ===
  conservative: no open trades
  aggressive: no open trades

=== PAPER TRADING: FILLING SLOTS ===
  No signals today — nothing to fill

============================================================
PAPER TRADING COMPLETE
============================================================

✅ Alert sent to Discord
