Loading stock universes...
✓ S&P 500: 502 stocks
✓ NASDAQ 100: 101 stocks
✓ Combined universe: 516 stocks (87 overlap)

Market filter passed: SPY > SMA200 on 2026-05-12 (Close=738.18, SMA200=674.46)
Scanned 100/516 tickers...
Scanned 200/516 tickers...
Scanned 300/516 tickers...
Scanned 400/516 tickers...
Scanned 500/516 tickers...
Calculating relative strength scores...

=== SIGNALS TODAY ===
 rank ticker  relative_strength  last_date
    1   NDAQ           3.425109 2026-05-12
    2    BKR           0.884826 2026-05-12
    3    AMP          -7.816960 2026-05-12
    4    MET          -8.026455 2026-05-12
    5    BAX         -21.844371 2026-05-12
Saved chart: data/charts/2026/05/2026-05-12/NDAQ/pullback_setup.png
Saved chart: data/charts/2026/05/2026-05-12/BKR/pullback_setup.png
Saved chart: data/charts/2026/05/2026-05-12/AMP/pullback_setup.png
Saved chart: data/charts/2026/05/2026-05-12/MET/pullback_setup.png
Saved chart: data/charts/2026/05/2026-05-12/BAX/pullback_setup.png

Saved PDF gallery: data/charts/2026/05/2026-05-12/gallery_2026-05-12.pdf

Saved signals with RS: data/charts/2026/05/2026-05-12/scan_results_2026-05-12.csv

=== CHECKING EXITS FOR 23 OPEN SIGNALS ===
  DASH: missing buy_price or last_date, skipping
  MELI: missing buy_price or last_date, skipping
  SHOP: missing buy_price or last_date, skipping
  VRSN: missing buy_price or last_date, skipping
  DAL: missing buy_price or last_date, skipping
  COIN: missing buy_price or last_date, skipping
  ORCL: missing buy_price or last_date, skipping
  LRCX: still open (4 days in trade)
  GS: still open (4 days in trade)
  BA: still open (3 days in trade)
  NVDA: still open (3 days in trade)
  KIM: still open (3 days in trade)
  PSA: still open (3 days in trade)
  PLD: still open (3 days in trade)
  EXR: still open (3 days in trade)
  VICI: still open (3 days in trade)
  COIN: missing buy_price or last_date, skipping
  HAL: missing buy_price or last_date, skipping
  SATS: missing buy_price or last_date, skipping
  JBHT: missing buy_price or last_date, skipping
  BAX: missing buy_price or last_date, skipping
  GS: still open (7 days in trade)
  CCI: still open (7 days in trade)

✓ Pushed 5 new signals to Supabase
✅ Signal alert sent to Discord
