Loading stock universes...
✓ S&P 500: 502 stocks
✓ NASDAQ 100: 101 stocks
✓ Combined universe: 516 stocks (87 overlap)

Market filter passed: SPY > SMA200 on 2026-07-02 (Close=744.78, SMA200=692.29)
Scanned 100/516 tickers...
Scanned 200/516 tickers...
Scanned 300/516 tickers...
Scanned 400/516 tickers...
Scanned 500/516 tickers...
Calculating relative strength scores...

=== PULLBACK SIGNALS TODAY ===
 rank ticker  relative_strength  last_date
    1    MET          10.973159 2026-07-02
    2   SOLV           9.781089 2026-07-02
    3   PAYX           8.138339 2026-07-02
    4    PFG           7.523468 2026-07-02
    5    MPC           4.643008 2026-07-02
    6    UPS          -0.008661 2026-07-02
Market filter passed: SPY > SMA200 on 2026-07-02 (Close=744.78, SMA200=692.29)
Scanned 100/516 tickers...
Scanned 200/516 tickers...
Scanned 300/516 tickers...
Scanned 400/516 tickers...
Scanned 500/516 tickers...

=== HIGH MOMENTUM SIGNALS: none today ===
Saved chart: data/charts/2026/07/2026-07-02/MET/pullback_setup.png
Saved chart: data/charts/2026/07/2026-07-02/SOLV/pullback_setup.png
Saved chart: data/charts/2026/07/2026-07-02/PAYX/pullback_setup.png
Saved chart: data/charts/2026/07/2026-07-02/PFG/pullback_setup.png
Saved chart: data/charts/2026/07/2026-07-02/MPC/pullback_setup.png
Saved chart: data/charts/2026/07/2026-07-02/UPS/pullback_setup.png

Saved PDF gallery: data/charts/2026/07/2026-07-02/gallery_2026-07-02.pdf

Saved signals with RS: data/charts/2026/07/2026-07-02/scan_results_2026-07-02.csv

=== CHECKING EXITS FOR 30 OPEN SIGNALS ===
  EQR: still open (3 days in trade)
  V: still open (9 days in trade)
  FFIV: still open (2 days in trade)
  JBHT: still open (2 days in trade)
  TROW: still open (2 days in trade)
  MET: still open (2 days in trade)
  IFF: still open (2 days in trade)
  ES: still open (7 days in trade)
  FAST: still open (7 days in trade)
  EXPD: no post-entry price data yet
  FTV: no post-entry price data yet
  LIN: no post-entry price data yet
  GD: no post-entry price data yet
  VRSK: no post-entry price data yet
  SJM: still open (5 days in trade)
  UDR: still open (5 days in trade)
  EW: still open (5 days in trade)
  AES: still open (5 days in trade)
  INVH: still open (4 days in trade)
  ESS: still open (4 days in trade)
  CPT: still open (4 days in trade)
  MAA: still open (4 days in trade)
  DHR: still open (4 days in trade)
  FAST: still open (4 days in trade)
  CPB: still open (4 days in trade)
  ✓ LH: target exit on 2026-07-01 | P&L: 7.00% | days: 4
  AVB: still open (3 days in trade)
  CSX: still open (3 days in trade)
  UPS: still open (3 days in trade)
  FTV: still open (3 days in trade)

✓ Pushed 6 new pullback signals to Supabase

============================================================
PAPER TRADING — 52-WEEK HIGH MOMENTUM
============================================================

=== PAPER TRADING: CHECKING EXITS ===
  conservative: no open trades
  aggressive: no open trades

=== PAPER TRADING: FILLING SLOTS ===
  No signals today — nothing to fill

============================================================
PAPER TRADING COMPLETE
============================================================

✅ Alert sent to Discord
