Loading stock universes...
✓ S&P 500: 502 stocks
✓ NASDAQ 100: 101 stocks
✓ Combined universe: 516 stocks (87 overlap)

Market filter passed: SPY > SMA200 on 2026-07-07 (Close=747.71, SMA200=693.19)
Scanned 100/516 tickers...
Scanned 200/516 tickers...
Scanned 300/516 tickers...
Scanned 400/516 tickers...
Scanned 500/516 tickers...
Calculating relative strength scores...

=== PULLBACK SIGNALS TODAY ===
 rank ticker  relative_strength  last_date
    1     MS          14.949626 2026-07-07
    2     EL           6.151770 2026-07-07
    3   DXCM           4.872478 2026-07-07
    4    ZBH         -14.028847 2026-07-07
Market filter passed: SPY > SMA200 on 2026-07-07 (Close=747.71, SMA200=693.19)
Scanned 100/516 tickers...
Scanned 200/516 tickers...
Scanned 300/516 tickers...
Scanned 400/516 tickers...
Scanned 500/516 tickers...
Calculating relative strength scores...

=== HIGH MOMENTUM SIGNALS (RS > 50): 0 ===
Empty DataFrame
Columns: [rank, ticker, relative_strength, last_date]
Index: []
Saved chart: data/charts/2026/07/2026-07-07/MS/pullback_setup.png
Saved chart: data/charts/2026/07/2026-07-07/EL/pullback_setup.png
Saved chart: data/charts/2026/07/2026-07-07/DXCM/pullback_setup.png
Saved chart: data/charts/2026/07/2026-07-07/ZBH/pullback_setup.png

Saved PDF gallery: data/charts/2026/07/2026-07-07/gallery_2026-07-07.pdf

Saved signals with RS: data/charts/2026/07/2026-07-07/scan_results_2026-07-07.csv

=== CHECKING EXITS FOR 37 OPEN SIGNALS ===
  EQR: still open (5 days in trade)
  FFIV: still open (4 days in trade)
  TROW: still open (4 days in trade)
  MET: still open (4 days in trade)
  ES: still open (9 days in trade)
  FAST: still open (9 days in trade)
  ✓ EXPD: stop exit on 2026-07-06 | P&L: -2.00% | days: 2
  FTV: still open (2 days in trade)
  LIN: still open (2 days in trade)
  GD: still open (2 days in trade)
  VRSK: still open (2 days in trade)
  SJM: still open (7 days in trade)
  UDR: still open (7 days in trade)
  EW: still open (7 days in trade)
  AES: still open (7 days in trade)
  UPS: still open (1 days in trade)
  MET: still open (1 days in trade)
  ✓ SOLV: stop exit on 2026-07-06 | P&L: -2.00% | days: 1
  PAYX: still open (1 days in trade)
  PFG: still open (1 days in trade)
  MPC: still open (1 days in trade)
  INVH: still open (6 days in trade)
  ESS: still open (6 days in trade)
  CPT: still open (6 days in trade)
  MAA: still open (6 days in trade)
  DHR: still open (6 days in trade)
  FAST: still open (6 days in trade)
  CPB: still open (6 days in trade)
  AAPL: no post-entry price data yet
  CPAY: no post-entry price data yet
  MDT: no post-entry price data yet
  SRE: no post-entry price data yet
  PCG: no post-entry price data yet
  AVB: still open (5 days in trade)
  CSX: still open (5 days in trade)
  UPS: still open (5 days in trade)
  FTV: still open (5 days in trade)

✓ Pushed 4 new pullback signals to Supabase

============================================================
PAPER TRADING — 52-WEEK HIGH MOMENTUM
============================================================

=== PAPER TRADING: CHECKING EXITS ===
  conservative: no open trades
  aggressive: no open trades

=== PAPER TRADING: FILLING SLOTS ===
  No signals today — nothing to fill

============================================================
PAPER TRADING COMPLETE
============================================================

✅ Alert sent to Discord
