Loading stock universes...
✓ S&P 500: 503 stocks
✓ NASDAQ 100: 101 stocks
✓ Combined universe: 517 stocks (87 overlap)

Market filter passed: SPY > SMA200 on 2026-03-17 (Close=670.79, SMA200=659.41)
Scanned 100/517 tickers...
Scanned 200/517 tickers...
Scanned 300/517 tickers...
Scanned 400/517 tickers...
Scanned 500/517 tickers...
Calculating relative strength scores...

=== SIGNALS TODAY ===
 rank ticker  relative_strength  last_date
    1    PFE          10.464252 2026-03-17
    2    TRV           5.157715 2026-03-17
    3   ABNB          -0.682856 2026-03-17
Saved chart: data/charts/2026/03/2026-03-17/PFE/pullback_setup.png
Saved chart: data/charts/2026/03/2026-03-17/TRV/pullback_setup.png
Saved chart: data/charts/2026/03/2026-03-17/ABNB/pullback_setup.png

Saved PDF gallery: data/charts/2026/03/2026-03-17/gallery_2026-03-17.pdf

Saved signals with RS: data/charts/2026/03/2026-03-17/scan_results_2026-03-17.csv
