Loading stock universes...
✓ S&P 500: 503 stocks
✓ NASDAQ 100: 101 stocks
✓ Combined universe: 517 stocks (87 overlap)

Market filter passed: SPY > SMA200 on 2026-06-23 (Close=733.58, SMA200=689.29)
Scanned 100/517 tickers...
Scanned 200/517 tickers...
Scanned 300/517 tickers...
Scanned 400/517 tickers...
Scanned 500/517 tickers...

=== PULLBACK SIGNALS TODAY ===
No signals today.
Market filter passed: SPY > SMA200 on 2026-06-23 (Close=733.58, SMA200=689.29)
Scanned 100/517 tickers...
Scanned 200/517 tickers...
Scanned 300/517 tickers...
Scanned 400/517 tickers...
Scanned 500/517 tickers...
Calculating relative strength scores...

=== HIGH MOMENTUM SIGNALS (RS > 50): 0 ===
Empty DataFrame
Columns: [rank, ticker, relative_strength, last_date]
Index: []

No charts generated; skipping PDF export.

No signals today - skipping CSV save

=== CHECKING EXITS FOR 31 OPEN SIGNALS ===
  CMI: still open (3 days in trade)
  ✓ EW: stop exit on 2026-06-22 | P&L: -2.00% | days: 3
  HON: still open (3 days in trade)
  V: still open (2 days in trade)
  ✓ MET: time exit on 2026-06-22 | P&L: 4.15% | days: 10
  ✓ PRU: time exit on 2026-06-22 | P&L: 3.77% | days: 10
  ✓ RF: time exit on 2026-06-22 | P&L: 0.35% | days: 10
  ✓ PSA: time exit on 2026-06-22 | P&L: 3.20% | days: 10
  ✓ Q: target exit on 2026-06-22 | P&L: 7.00% | days: 1
  ✓ GNRC: target exit on 2026-06-22 | P&L: 7.00% | days: 1
  COHR: no post-entry price data yet
  ALL: still open (9 days in trade)
  TXN: no post-entry price data yet
  MCHP: no post-entry price data yet
  IRM: no post-entry price data yet
  DLTR: no post-entry price data yet
  ES: no post-entry price data yet
  FAST: no post-entry price data yet
  ✓ DVA: target exit on 2026-06-22 | P&L: 7.00% | days: 7
  D: still open (7 days in trade)
  BIIB: still open (7 days in trade)
  LIN: still open (7 days in trade)
  CINF: still open (7 days in trade)
  DRI: still open (7 days in trade)
  AIZ: still open (6 days in trade)
  BEN: still open (5 days in trade)
  ANET: still open (5 days in trade)
  NDSN: still open (5 days in trade)
  TDG: still open (5 days in trade)
  AES: still open (5 days in trade)
  VRTX: still open (5 days in trade)

No new pullback signals to push to Supabase

============================================================
PAPER TRADING — 52-WEEK HIGH MOMENTUM
============================================================

=== PAPER TRADING: CHECKING EXITS ===
  conservative: no open trades
  aggressive: no open trades

=== PAPER TRADING: CHECKING MISSED TRADE EXITS (10) ===
    📋 WDC [aggressive] (hypothetical): stop @ $748.72 | P&L: -2.00% | 2d
    📋 KLAC [aggressive] (hypothetical): still open (2d)
    📋 AMAT [aggressive] (hypothetical): stop @ $610.07 | P&L: -2.00% | 2d
    📋 LRCX [aggressive] (hypothetical): stop @ $387.22 | P&L: -2.00% | 2d
    📋 TXN [aggressive] (hypothetical): still open (2d)
    📋 WDC [conservative] (hypothetical): stop @ $748.72 | P&L: -2.00% | 2d
    📋 KLAC [conservative] (hypothetical): still open (2d)
    📋 AMAT [conservative] (hypothetical): stop @ $610.07 | P&L: -2.00% | 2d
    📋 LRCX [conservative] (hypothetical): stop @ $387.22 | P&L: -2.00% | 2d
    📋 TXN [conservative] (hypothetical): still open (2d)

=== PAPER TRADING: FILLING SLOTS ===
  No signals today — nothing to fill

============================================================
PAPER TRADING COMPLETE
============================================================

✅ Alert sent to Discord
