Loading stock universes...
✓ S&P 500: 501 stocks
✓ NASDAQ 100: 101 stocks
✓ Combined universe: 515 stocks (87 overlap)

Market filter passed: SPY > SMA200 on 2026-05-28 (Close=754.60, SMA200=680.60)
Scanned 100/515 tickers...
Scanned 200/515 tickers...
Scanned 300/515 tickers...
Scanned 400/515 tickers...
Scanned 500/515 tickers...
Calculating relative strength scores...

=== PULLBACK SIGNALS TODAY ===
 rank ticker  relative_strength  last_date
    1    UNH          20.881699 2026-05-28
    2   AMZN          16.232424 2026-05-28
    3    ADM           8.932027 2026-05-28
    4    NWS           3.535855 2026-05-28
    5   NWSA           0.222369 2026-05-28
    6    MAS          -6.852126 2026-05-28
    7   PSKY         -20.430132 2026-05-28
Market filter passed: SPY > SMA200 on 2026-05-28 (Close=754.60, SMA200=680.60)
Scanned 100/515 tickers...
Scanned 200/515 tickers...
Scanned 300/515 tickers...
Scanned 400/515 tickers...
Scanned 500/515 tickers...
Calculating relative strength scores...

=== HIGH MOMENTUM SIGNALS (RS > 50): 2 ===
 rank ticker  relative_strength  last_date
    1   MRVL         152.160248 2026-05-28
    2   DELL         105.393956 2026-05-28
Saved chart: data/charts/2026/05/2026-05-28/UNH/pullback_setup.png
Saved chart: data/charts/2026/05/2026-05-28/AMZN/pullback_setup.png
Saved chart: data/charts/2026/05/2026-05-28/ADM/pullback_setup.png
Saved chart: data/charts/2026/05/2026-05-28/NWS/pullback_setup.png
Saved chart: data/charts/2026/05/2026-05-28/NWSA/pullback_setup.png
Saved chart: data/charts/2026/05/2026-05-28/MAS/pullback_setup.png
Saved chart: data/charts/2026/05/2026-05-28/PSKY/pullback_setup.png

Saved PDF gallery: data/charts/2026/05/2026-05-28/gallery_2026-05-28.pdf

Saved signals with RS: data/charts/2026/05/2026-05-28/scan_results_2026-05-28.csv

=== CHECKING EXITS FOR 70 OPEN SIGNALS ===
  XEL: still open (3 days in trade)
  VICI: still open (3 days in trade)
  MTB: still open (3 days in trade)
  JBL: still open (3 days in trade)
  ✓ WST: stop exit on 2026-05-27 | P&L: -2.00% | days: 3
  EQIX: still open (3 days in trade)
  FOX: still open (3 days in trade)
  PSA: still open (3 days in trade)
  REG: still open (3 days in trade)
  INCY: still open (3 days in trade)
  FITB: still open (2 days in trade)
  KEY: still open (2 days in trade)
  KDP: still open (2 days in trade)
  DD: still open (2 days in trade)
  MCO: still open (2 days in trade)
  TXT: still open (2 days in trade)
  TROW: still open (2 days in trade)
  BAC: still open (2 days in trade)
  NDAQ: still open (2 days in trade)
  PSA: missing buy_price or last_date, skipping
  XEL: missing buy_price or last_date, skipping
  VICI: missing buy_price or last_date, skipping
  MTB: missing buy_price or last_date, skipping
  JBL: missing buy_price or last_date, skipping
  NUE: missing buy_price or last_date, skipping
  WST: missing buy_price or last_date, skipping
  STLD: missing buy_price or last_date, skipping
  EQIX: missing buy_price or last_date, skipping
  NI: missing buy_price or last_date, skipping
  REG: missing buy_price or last_date, skipping
  FITB: still open (1 days in trade)
  KDP: still open (1 days in trade)
  MCO: still open (1 days in trade)
  GD: still open (1 days in trade)
  TXT: still open (1 days in trade)
  TROW: still open (1 days in trade)
  NDAQ: still open (1 days in trade)
  MSCI: still open (1 days in trade)
  SWK: no post-entry price data yet
  EMR: no post-entry price data yet
  PKG: no post-entry price data yet
  WST: still open (7 days in trade)
  MSFT: still open (7 days in trade)
  MCHP: no post-entry price data yet
  AVGO: no post-entry price data yet
  CAT: no post-entry price data yet
  URI: no post-entry price data yet
  FOXA: no post-entry price data yet
  TGT: no post-entry price data yet
  FTV: no post-entry price data yet
  FER: no post-entry price data yet
  TROW: still open (6 days in trade)
  ✓ EW: target exit on 2026-05-27 | P&L: 7.00% | days: 6
  MAA: still open (6 days in trade)
  EQR: still open (6 days in trade)
  PLD: still open (6 days in trade)
  NTRS: still open (6 days in trade)
  D: still open (6 days in trade)
  LNT: still open (5 days in trade)
  KIM: still open (4 days in trade)
  STT: still open (4 days in trade)
  ASML: still open (4 days in trade)
  IRM: still open (4 days in trade)
  HLT: still open (4 days in trade)
  ROK: still open (4 days in trade)
  EXR: still open (4 days in trade)
  DIS: still open (4 days in trade)
  FDX: still open (4 days in trade)
  HWM: still open (4 days in trade)
  BXP: still open (4 days in trade)

✓ Pushed 7 new pullback signals to Supabase

============================================================
PAPER TRADING — 52-WEEK HIGH MOMENTUM
============================================================

=== PAPER TRADING: CHECKING EXITS ===
  conservative: checking 2 open trade(s)
    DELL: still open (2d held)
    HPE: still open (2d held)
  aggressive: checking 2 open trade(s)
    DELL: still open (2d held)
    HPE: still open (2d held)

=== PAPER TRADING: CHECKING MISSED TRADE EXITS (2) ===
    📋 MRVL [aggressive] (hypothetical): stop @ $213.68 | P&L: -2.00% | 2d
    📋 MRVL [conservative] (hypothetical): stop @ $213.68 | P&L: -2.00% | 2d

=== PAPER TRADING: FILLING SLOTS ===

  conservative: 0 slot(s) open | available cash: $0.00
    — MISSED MRVL [conservative] (logged)
    All 1 signal(s) logged as missed (slots full)

  aggressive: 0 slot(s) open | available cash: $0.00
    — MISSED MRVL [aggressive] (logged)
    All 1 signal(s) logged as missed (slots full)

============================================================
PAPER TRADING COMPLETE
============================================================

✅ Alert sent to Discord
