Loading stock universes...
✓ S&P 500: 503 stocks
✓ NASDAQ 100: 101 stocks
✓ Combined universe: 517 stocks (87 overlap)

Market filter passed: SPY > SMA200 on 2026-03-09 (Close=678.27, SMA200=656.87)
Scanned 100/517 tickers...
Scanned 200/517 tickers...
Scanned 300/517 tickers...
Scanned 400/517 tickers...
Scanned 500/517 tickers...
Calculating relative strength scores...

=== SIGNALS TODAY ===
 rank ticker  relative_strength  last_date
    1    PWR          24.249104 2026-03-09
    2    CHD          24.086957 2026-03-09
    3   AMGN          20.881409 2026-03-09
    4    LYV          20.787824 2026-03-09
    5   AKAM          19.467110 2026-03-09
    6    VTR          12.262141 2026-03-09
    7   WELL          10.045729 2026-03-09
    8    MCD           7.880134 2026-03-09
    9    SRE           6.337434 2026-03-09
   10   ANET           4.986614 2026-03-09
   11   SMCI          -7.014180 2026-03-09
Saved chart: data/charts/2026/03/2026-03-09/PWR/pullback_setup.png
Saved chart: data/charts/2026/03/2026-03-09/CHD/pullback_setup.png
Saved chart: data/charts/2026/03/2026-03-09/AMGN/pullback_setup.png
Saved chart: data/charts/2026/03/2026-03-09/LYV/pullback_setup.png
Saved chart: data/charts/2026/03/2026-03-09/AKAM/pullback_setup.png
Saved chart: data/charts/2026/03/2026-03-09/VTR/pullback_setup.png
Saved chart: data/charts/2026/03/2026-03-09/WELL/pullback_setup.png
Saved chart: data/charts/2026/03/2026-03-09/MCD/pullback_setup.png
Saved chart: data/charts/2026/03/2026-03-09/SRE/pullback_setup.png
Saved chart: data/charts/2026/03/2026-03-09/ANET/pullback_setup.png
Saved chart: data/charts/2026/03/2026-03-09/SMCI/pullback_setup.png

Saved PDF gallery: data/charts/2026/03/2026-03-09/gallery_2026-03-09.pdf

Saved signals with RS: data/charts/2026/03/2026-03-09/scan_results_2026-03-09.csv
