Loading stock universes...
✓ S&P 500: 502 stocks
✓ NASDAQ 100: 103 stocks
✓ Combined universe: 519 stocks (86 overlap)

Market filter passed: SPY > SMA200 on 2026-07-21 (Close=748.28, SMA200=697.47)
Scanned 100/519 tickers...
Scanned 200/519 tickers...
Scanned 300/519 tickers...
Scanned 400/519 tickers...
Scanned 500/519 tickers...
Calculating relative strength scores...

=== PULLBACK SIGNALS TODAY ===
 rank ticker  relative_strength  last_date
    1    SJM          15.675132 2026-07-21
    2   DASH           1.559564 2026-07-21
    3    KMI          -2.793545 2026-07-21
Market filter passed: SPY > SMA200 on 2026-07-21 (Close=748.28, SMA200=697.47)
Scanned 100/519 tickers...
Scanned 200/519 tickers...
Scanned 300/519 tickers...
Scanned 400/519 tickers...
Scanned 500/519 tickers...

=== HIGH MOMENTUM SIGNALS: none today ===
Saved chart: data/charts/2026/07/2026-07-21/SJM/pullback_setup.png
Saved chart: data/charts/2026/07/2026-07-21/DASH/pullback_setup.png
Saved chart: data/charts/2026/07/2026-07-21/KMI/pullback_setup.png

Saved PDF gallery: data/charts/2026/07/2026-07-21/gallery_2026-07-21.pdf

Saved signals with RS: data/charts/2026/07/2026-07-21/scan_results_2026-07-21.csv

=== CHECKING EXITS FOR 43 OPEN SIGNALS ===
  INVH: still open (4 days in trade)
  ✓ MRK: stop exit on 2026-07-20 | P&L: -2.00% | days: 2
  DUK: still open (4 days in trade)
  AWK: still open (1 days in trade)
  AME: still open (1 days in trade)
  HIG: still open (1 days in trade)
  FTV: still open (1 days in trade)
  MDT: still open (1 days in trade)
  ✓ WY: stop exit on 2026-07-20 | P&L: -2.00% | days: 1
  ✓ A: stop exit on 2026-07-20 | P&L: -2.00% | days: 6
  KEY: still open (6 days in trade)
  ✓ TFC: stop exit on 2026-07-20 | P&L: -2.00% | days: 6
  BX: still open (6 days in trade)
  SPG: still open (3 days in trade)
  CPAY: still open (6 days in trade)
  IR: still open (3 days in trade)
  L: still open (1 days in trade)
  BALL: still open (1 days in trade)
  ✓ ALLE: stop exit on 2026-07-20 | P&L: -2.00% | days: 1
  ✓ MSI: stop exit on 2026-07-20 | P&L: -2.00% | days: 1
  ✓ SRE: stop exit on 2026-07-20 | P&L: -2.00% | days: 10
  ✓ PCG: time exit on 2026-07-20 | P&L: 3.08% | days: 10
  NTAP: no post-entry price data yet
  HST: no post-entry price data yet
  TGT: still open (5 days in trade)
  REG: still open (5 days in trade)
  ✓ SWK: stop exit on 2026-07-20 | P&L: -2.00% | days: 1
  LYV: still open (1 days in trade)
  MAS: still open (3 days in trade)
  ✓ WSM: stop exit on 2026-07-20 | P&L: -2.00% | days: 1
  ✓ ZBRA: stop exit on 2026-07-20 | P&L: -2.00% | days: 1
  UDR: still open (1 days in trade)
  FRT: still open (1 days in trade)
  MO: still open (1 days in trade)
  CL: still open (1 days in trade)
  KIM: still open (1 days in trade)
  ✓ IEX: stop exit on 2026-07-20 | P&L: -2.00% | days: 1
  AIG: still open (1 days in trade)
  CHD: still open (1 days in trade)
  PG: still open (1 days in trade)
  EXR: still open (1 days in trade)
  ED: still open (1 days in trade)
  ✓ SOLV: stop exit on 2026-07-20 | P&L: -2.00% | days: 2

✓ Pushed 3 new pullback signals to Supabase

============================================================
PAPER TRADING — 52-WEEK HIGH MOMENTUM
============================================================

=== PAPER TRADING: CHECKING EXITS ===
  conservative: no open trades
  aggressive: no open trades

=== PAPER TRADING: FILLING SLOTS ===
  No signals today — nothing to fill

============================================================
PAPER TRADING COMPLETE
============================================================

✅ Alert sent to Discord
