Loading stock universes...
✓ S&P 500: 503 stocks
✓ NASDAQ 100: 101 stocks
✓ Combined universe: 517 stocks (87 overlap)

Market filter passed: SPY > SMA200 on 2026-06-15 (Close=754.83, SMA200=686.84)
Scanned 100/517 tickers...
Scanned 200/517 tickers...
Scanned 300/517 tickers...
Scanned 400/517 tickers...
Scanned 500/517 tickers...
Calculating relative strength scores...

=== PULLBACK SIGNALS TODAY ===
 rank ticker  relative_strength  last_date
    1   KEYS          12.229387 2026-06-15
Market filter passed: SPY > SMA200 on 2026-06-15 (Close=754.83, SMA200=686.84)
Scanned 100/517 tickers...
Scanned 200/517 tickers...
Scanned 300/517 tickers...
Scanned 400/517 tickers...
Scanned 500/517 tickers...

=== HIGH MOMENTUM SIGNALS: none today ===
Saved chart: data/charts/2026/06/2026-06-15/KEYS/pullback_setup.png

Saved PDF gallery: data/charts/2026/06/2026-06-15/gallery_2026-06-15.pdf

Saved signals with RS: data/charts/2026/06/2026-06-15/scan_results_2026-06-15.csv

=== CHECKING EXITS FOR 45 OPEN SIGNALS ===
  D: still open (7 days in trade)
  WST: still open (6 days in trade)
  MAA: still open (6 days in trade)
  EXR: still open (6 days in trade)
  ✓ CVS: target exit on 2026-06-12 | P&L: 7.00% | days: 5
  MET: still open (5 days in trade)
  ✓ FOXA: stop exit on 2026-06-12 | P&L: -2.00% | days: 5
  ✓ FOX: stop exit on 2026-06-12 | P&L: -2.00% | days: 5
  PRU: still open (5 days in trade)
  RF: still open (5 days in trade)
  PSA: still open (5 days in trade)
  UNP: still open (4 days in trade)
  ALL: still open (4 days in trade)
  MDLZ: still open (4 days in trade)
  ✓ IBKR: target exit on 2026-06-12 | P&L: 7.00% | days: 3
  EL: still open (3 days in trade)
  DVA: still open (2 days in trade)
  ✓ KO: stop exit on 2026-06-12 | P&L: -2.00% | days: 2
  D: still open (2 days in trade)
  BIIB: still open (2 days in trade)
  LIN: still open (2 days in trade)
  CINF: still open (2 days in trade)
  CHD: still open (2 days in trade)
  DRI: still open (2 days in trade)
  ✓ PSX: time exit on 2026-06-12 | P&L: 0.81% | days: 10
  AIZ: still open (1 days in trade)
  TRGP: still open (1 days in trade)
  LYV: still open (1 days in trade)
  ARM: no post-entry price data yet
  CSCO: no post-entry price data yet
  JBL: no post-entry price data yet
  BEN: no post-entry price data yet
  DAL: no post-entry price data yet
  IVZ: no post-entry price data yet
  UAL: no post-entry price data yet
  ANET: no post-entry price data yet
  FDX: no post-entry price data yet
  UPS: no post-entry price data yet
  RCL: no post-entry price data yet
  NDSN: no post-entry price data yet
  TDG: no post-entry price data yet
  AES: no post-entry price data yet
  GD: no post-entry price data yet
  VRTX: no post-entry price data yet
  NKE: no post-entry price data yet

✓ Pushed 1 new pullback signals to Supabase

============================================================
PAPER TRADING — 52-WEEK HIGH MOMENTUM
============================================================

=== PAPER TRADING: CHECKING EXITS ===
  conservative: no open trades
  aggressive: no open trades

=== PAPER TRADING: FILLING SLOTS ===
  No signals today — nothing to fill

============================================================
PAPER TRADING COMPLETE
============================================================

✅ Alert sent to Discord
