Loading stock universes...
✓ S&P 500: 502 stocks
✓ NASDAQ 100: 101 stocks
✓ Combined universe: 516 stocks (87 overlap)

Market filter passed: SPY > SMA200 on 2026-04-08 (Close=676.01, SMA200=663.60)
Scanned 100/516 tickers...
Scanned 200/516 tickers...
Scanned 300/516 tickers...
Scanned 400/516 tickers...
Scanned 500/516 tickers...
Calculating relative strength scores...

=== SIGNALS TODAY ===
 rank ticker  relative_strength  last_date
    1    PWR          35.940164 2026-04-08
    2    PCG          19.888512 2026-04-08
    3    JNJ          17.812930 2026-04-08
    4    VTR          13.814485 2026-04-08
    5   WELL          12.407641 2026-04-08
    6    LHX           9.004025 2026-04-08
Saved chart: data/charts/2026/04/2026-04-08/PWR/pullback_setup.png
Saved chart: data/charts/2026/04/2026-04-08/PCG/pullback_setup.png
Saved chart: data/charts/2026/04/2026-04-08/JNJ/pullback_setup.png
Saved chart: data/charts/2026/04/2026-04-08/VTR/pullback_setup.png
Saved chart: data/charts/2026/04/2026-04-08/WELL/pullback_setup.png
Saved chart: data/charts/2026/04/2026-04-08/LHX/pullback_setup.png

Saved PDF gallery: data/charts/2026/04/2026-04-08/gallery_2026-04-08.pdf

Saved signals with RS: data/charts/2026/04/2026-04-08/scan_results_2026-04-08.csv
❌ Failed to push to Supabase: {'message': 'new row violates row-level security policy for table "signals"', 'code': '42501', 'hint': None, 'details': None}
No DISCORD_WEBHOOK_URL set — skipping signal alert
