Loading stock universes...
✓ S&P 500: 503 stocks
✓ NASDAQ 100: 101 stocks
✓ Combined universe: 517 stocks (87 overlap)

Market filter passed: SPY > SMA200 on 2026-05-04 (Close=718.01, SMA200=671.39)
Scanned 100/517 tickers...
Scanned 200/517 tickers...
Scanned 300/517 tickers...
Scanned 400/517 tickers...
Scanned 500/517 tickers...
Calculating relative strength scores...

=== SIGNALS TODAY ===
 rank ticker  relative_strength  last_date
    1     CF           31.92562 2026-05-04
Saved chart: data/charts/2026/05/2026-05-04/CF/pullback_setup.png

Saved PDF gallery: data/charts/2026/05/2026-05-04/gallery_2026-05-04.pdf

Saved signals with RS: data/charts/2026/05/2026-05-04/scan_results_2026-05-04.csv

=== CHECKING EXITS FOR 25 OPEN SIGNALS ===
  SHOP: missing buy_price or last_date, skipping
  VRSN: missing buy_price or last_date, skipping
  DAL: missing buy_price or last_date, skipping
  DASH: missing buy_price or last_date, skipping
  MELI: missing buy_price or last_date, skipping
  COIN: missing buy_price or last_date, skipping
  ORCL: missing buy_price or last_date, skipping
  PNW: still open (6 days in trade)
  AEP: still open (6 days in trade)
  OKE: still open (5 days in trade)
  VLO: still open (3 days in trade)
  APA: still open (2 days in trade)
  EOG: still open (2 days in trade)
  ETR: still open (2 days in trade)
  EVRG: still open (1 days in trade)
  WEC: still open (1 days in trade)
  COST: still open (1 days in trade)
  CCI: still open (1 days in trade)
  GS: still open (1 days in trade)
  ✓ ARES: stop exit on 2026-05-01 | P&L: -2.00% | days: 1
  CIEN: still open (1 days in trade)
  AMAT: still open (1 days in trade)
  ATO: still open (1 days in trade)
  LNT: still open (1 days in trade)
  AEE: still open (1 days in trade)

✓ Pushed 1 new signals to Supabase
✅ Signal alert sent to Discord
