Loading stock universes...
✓ S&P 500: 502 stocks
✓ NASDAQ 100: 103 stocks
✓ Combined universe: 519 stocks (86 overlap)

Market filter passed: SPY > SMA200 on 2026-07-16 (Close=750.72, SMA200=696.29)
Scanned 100/519 tickers...
Scanned 200/519 tickers...
Scanned 300/519 tickers...
Scanned 400/519 tickers...
Scanned 500/519 tickers...
Calculating relative strength scores...

=== PULLBACK SIGNALS TODAY ===
 rank ticker  relative_strength  last_date
    1    HRL          14.363990 2026-07-16
    2   SOLV          11.833053 2026-07-16
    3    MRK           6.764175 2026-07-16
    4    COO           1.993880 2026-07-16
    5   AMGN           1.123832 2026-07-16
    6   BKNG          -9.898892 2026-07-16
Market filter passed: SPY > SMA200 on 2026-07-16 (Close=750.72, SMA200=696.29)
Scanned 100/519 tickers...
Scanned 200/519 tickers...
Scanned 300/519 tickers...
Scanned 400/519 tickers...
Scanned 500/519 tickers...
Calculating relative strength scores...

=== HIGH MOMENTUM SIGNALS (RS > 50): 0 ===
Empty DataFrame
Columns: [rank, ticker, relative_strength, last_date]
Index: []
Saved chart: data/charts/2026/07/2026-07-16/HRL/pullback_setup.png
Saved chart: data/charts/2026/07/2026-07-16/SOLV/pullback_setup.png
Saved chart: data/charts/2026/07/2026-07-16/MRK/pullback_setup.png
Saved chart: data/charts/2026/07/2026-07-16/COO/pullback_setup.png
Saved chart: data/charts/2026/07/2026-07-16/AMGN/pullback_setup.png
Saved chart: data/charts/2026/07/2026-07-16/BKNG/pullback_setup.png

Saved PDF gallery: data/charts/2026/07/2026-07-16/gallery_2026-07-16.pdf

Saved signals with RS: data/charts/2026/07/2026-07-16/scan_results_2026-07-16.csv

=== CHECKING EXITS FOR 32 OPEN SIGNALS ===
  INVH: still open (1 days in trade)
  ✓ JCI: stop exit on 2026-07-15 | P&L: -2.00% | days: 1
  DUK: still open (1 days in trade)
  ✓ AMD: stop exit on 2026-07-15 | P&L: -2.00% | days: 3
  ✓ JBHT: stop exit on 2026-07-15 | P&L: -2.00% | days: 3
  A: still open (3 days in trade)
  GD: still open (9 days in trade)
  VRSK: still open (9 days in trade)
  KEY: still open (3 days in trade)
  TFC: still open (3 days in trade)
  UPS: still open (8 days in trade)
  MET: still open (8 days in trade)
  DG: still open (3 days in trade)
  PFG: still open (8 days in trade)
  VST: still open (3 days in trade)
  BX: still open (3 days in trade)
  HWM: no post-entry price data yet
  SPG: no post-entry price data yet
  CPAY: still open (3 days in trade)
  ETN: no post-entry price data yet
  IR: no post-entry price data yet
  SRE: still open (7 days in trade)
  PCG: still open (7 days in trade)
  TGT: still open (2 days in trade)
  ✓ AEE: stop exit on 2026-07-15 | P&L: -2.00% | days: 2
  REG: still open (2 days in trade)
  XEL: still open (2 days in trade)
  ✓ CAG: stop exit on 2026-07-15 | P&L: -2.00% | days: 2
  ✓ OTIS: stop exit on 2026-07-15 | P&L: -2.00% | days: 2
  GS: no post-entry price data yet
  MAS: no post-entry price data yet
  MS: still open (6 days in trade)

✓ Pushed 6 new pullback signals to Supabase

============================================================
PAPER TRADING — 52-WEEK HIGH MOMENTUM
============================================================

=== PAPER TRADING: CHECKING EXITS ===
  conservative: no open trades
  aggressive: no open trades

=== PAPER TRADING: FILLING SLOTS ===
  No signals today — nothing to fill

============================================================
PAPER TRADING COMPLETE
============================================================

✅ Alert sent to Discord
