Loading stock universes...
✓ S&P 500: 503 stocks
✓ NASDAQ 100: 101 stocks
✓ Combined universe: 517 stocks (87 overlap)

Market filter passed: SPY > SMA200 on 2026-04-23 (Close=708.45, SMA200=668.21)
Scanned 100/517 tickers...
Scanned 200/517 tickers...
Scanned 300/517 tickers...
Scanned 400/517 tickers...
Scanned 500/517 tickers...
Calculating relative strength scores...

=== SIGNALS TODAY ===
 rank ticker  relative_strength  last_date
    1    AEP          11.524561 2026-04-23
    2    LIN          10.653439 2026-04-23
    3    PNW           8.555425 2026-04-23
    4    STZ          -0.878388 2026-04-23
Saved chart: data/charts/2026/04/2026-04-23/AEP/pullback_setup.png
Saved chart: data/charts/2026/04/2026-04-23/LIN/pullback_setup.png
Saved chart: data/charts/2026/04/2026-04-23/PNW/pullback_setup.png
Saved chart: data/charts/2026/04/2026-04-23/STZ/pullback_setup.png

Saved PDF gallery: data/charts/2026/04/2026-04-23/gallery_2026-04-23.pdf

Saved signals with RS: data/charts/2026/04/2026-04-23/scan_results_2026-04-23.csv

=== CHECKING EXITS FOR 11 OPEN SIGNALS ===
  APD: still open (2 days in trade)
  BG: still open (1 days in trade)
  DVA: no post-entry price data yet
  FANG: no post-entry price data yet
  BKR: no post-entry price data yet
  CNP: still open (4 days in trade)
  WEC: still open (4 days in trade)
  PFE: missing buy_price or last_date, skipping
  TJX: missing buy_price or last_date, skipping
  PLTR: missing buy_price or last_date, skipping
  FFIV: still open (7 days in trade)

✓ Pushed 4 new signals to Supabase
✅ Signal alert sent to Discord
