Loading stock universes...
✓ S&P 500: 503 stocks
✓ NASDAQ 100: 101 stocks
✓ Combined universe: 517 stocks (87 overlap)

Market filter passed: SPY > SMA200 on 2026-06-16 (Close=750.33, SMA200=687.35)
Scanned 100/517 tickers...
Scanned 200/517 tickers...
Scanned 300/517 tickers...
Scanned 400/517 tickers...
Scanned 500/517 tickers...
Calculating relative strength scores...

=== PULLBACK SIGNALS TODAY ===
 rank ticker  relative_strength  last_date
    1    TXN          47.580811 2026-06-16
    2    CMI          13.185721 2026-06-16
    3    PWR          12.270518 2026-06-16
    4    XYZ           7.598214 2026-06-16
    5   MSCI          -4.233973 2026-06-16
    6     EW          -6.489724 2026-06-16
    7    HON         -11.582076 2026-06-16
Market filter passed: SPY > SMA200 on 2026-06-16 (Close=750.33, SMA200=687.35)
Scanned 100/517 tickers...
Scanned 200/517 tickers...
Scanned 300/517 tickers...
Scanned 400/517 tickers...
Scanned 500/517 tickers...
Calculating relative strength scores...

=== HIGH MOMENTUM SIGNALS (RS > 50): 1 ===
 rank ticker  relative_strength  last_date
    1    WDC         116.551264 2026-06-16
Saved chart: data/charts/2026/06/2026-06-16/TXN/pullback_setup.png
Saved chart: data/charts/2026/06/2026-06-16/CMI/pullback_setup.png
Saved chart: data/charts/2026/06/2026-06-16/PWR/pullback_setup.png
Saved chart: data/charts/2026/06/2026-06-16/XYZ/pullback_setup.png
Saved chart: data/charts/2026/06/2026-06-16/MSCI/pullback_setup.png
Saved chart: data/charts/2026/06/2026-06-16/EW/pullback_setup.png
Saved chart: data/charts/2026/06/2026-06-16/HON/pullback_setup.png

Saved PDF gallery: data/charts/2026/06/2026-06-16/gallery_2026-06-16.pdf

Saved signals with RS: data/charts/2026/06/2026-06-16/scan_results_2026-06-16.csv

=== CHECKING EXITS FOR 40 OPEN SIGNALS ===
  D: still open (8 days in trade)
  WST: still open (7 days in trade)
  MAA: still open (7 days in trade)
  EXR: still open (7 days in trade)
  MET: still open (6 days in trade)
  PRU: still open (6 days in trade)
  RF: still open (6 days in trade)
  PSA: still open (6 days in trade)
  UNP: still open (5 days in trade)
  ALL: still open (5 days in trade)
  MDLZ: still open (5 days in trade)
  EL: still open (4 days in trade)
  DVA: still open (3 days in trade)
  D: still open (3 days in trade)
  BIIB: still open (3 days in trade)
  LIN: still open (3 days in trade)
  CINF: still open (3 days in trade)
  CHD: still open (3 days in trade)
  DRI: still open (3 days in trade)
  AIZ: still open (2 days in trade)
  ✓ TRGP: stop exit on 2026-06-15 | P&L: -2.00% | days: 2
  LYV: still open (2 days in trade)
  ✓ ARM: stop exit on 2026-06-15 | P&L: -2.00% | days: 1
  ✓ CSCO: stop exit on 2026-06-15 | P&L: -2.00% | days: 1
  ✓ JBL: stop exit on 2026-06-15 | P&L: -2.00% | days: 1
  BEN: still open (1 days in trade)
  ✓ DAL: stop exit on 2026-06-15 | P&L: -2.00% | days: 1
  IVZ: still open (1 days in trade)
  UAL: still open (1 days in trade)
  ANET: still open (1 days in trade)
  FDX: still open (1 days in trade)
  UPS: still open (1 days in trade)
  RCL: still open (1 days in trade)
  NDSN: still open (1 days in trade)
  TDG: still open (1 days in trade)
  AES: still open (1 days in trade)
  GD: still open (1 days in trade)
  VRTX: still open (1 days in trade)
  NKE: still open (1 days in trade)
  KEYS: no post-entry price data yet

✓ Pushed 7 new pullback signals to Supabase

============================================================
PAPER TRADING — 52-WEEK HIGH MOMENTUM
============================================================

=== PAPER TRADING: CHECKING EXITS ===
  conservative: no open trades
  aggressive: no open trades

=== PAPER TRADING: FILLING SLOTS ===

  conservative: 2 slot(s) open | available cash: $1110.78
    ⏳ PENDING WDC [conservative]: $555.39 allocated | RS: 116.6 | entry price fetched tomorrow at open

  aggressive: 2 slot(s) open | available cash: $1115.73
    ⏳ PENDING WDC [aggressive]: $557.87 allocated | RS: 116.6 | entry price fetched tomorrow at open

============================================================
PAPER TRADING COMPLETE
============================================================

✅ Alert sent to Discord
