Loading stock universes...
✓ S&P 500: 502 stocks
✓ NASDAQ 100: 101 stocks
✓ Combined universe: 516 stocks (87 overlap)

Market filter passed: SPY > SMA200 on 2026-06-04 (Close=757.09, SMA200=683.44)
Scanned 100/516 tickers...
Scanned 200/516 tickers...
Scanned 300/516 tickers...
Scanned 400/516 tickers...
Scanned 500/516 tickers...
Calculating relative strength scores...

=== PULLBACK SIGNALS TODAY ===
 rank ticker  relative_strength  last_date
    1    WST          21.246913 2026-06-04
    2    HAL           2.782158 2026-06-04
    3    MAA          -4.944359 2026-06-04
    4    EXR          -8.867154 2026-06-04
Market filter passed: SPY > SMA200 on 2026-06-04 (Close=757.09, SMA200=683.44)
Scanned 100/516 tickers...
Scanned 200/516 tickers...
Scanned 300/516 tickers...
Scanned 400/516 tickers...
Scanned 500/516 tickers...
Calculating relative strength scores...

=== HIGH MOMENTUM SIGNALS (RS > 50): 1 ===
 rank ticker  relative_strength  last_date
    1   MRVL         237.937437 2026-06-04
Saved chart: data/charts/2026/06/2026-06-04/WST/pullback_setup.png
Saved chart: data/charts/2026/06/2026-06-04/HAL/pullback_setup.png
Saved chart: data/charts/2026/06/2026-06-04/MAA/pullback_setup.png
Saved chart: data/charts/2026/06/2026-06-04/EXR/pullback_setup.png

Saved PDF gallery: data/charts/2026/06/2026-06-04/gallery_2026-06-04.pdf

Saved signals with RS: data/charts/2026/06/2026-06-04/scan_results_2026-06-04.csv

=== CHECKING EXITS FOR 35 OPEN SIGNALS ===
  IEX: no post-entry price data yet
  NDSN: no post-entry price data yet
  D: no post-entry price data yet
  KIM: no post-entry price data yet
  LII: no post-entry price data yet
  COHR: no post-entry price data yet
  ETN: no post-entry price data yet
  BXP: no post-entry price data yet
  EQIX: no post-entry price data yet
  MCO: still open (7 days in trade)
  TXT: still open (7 days in trade)
  TROW: still open (7 days in trade)
  FITB: still open (7 days in trade)
  DD: still open (7 days in trade)
  PSA: missing buy_price or last_date, skipping
  XEL: missing buy_price or last_date, skipping
  VICI: missing buy_price or last_date, skipping
  MTB: missing buy_price or last_date, skipping
  JBL: missing buy_price or last_date, skipping
  NUE: missing buy_price or last_date, skipping
  WST: missing buy_price or last_date, skipping
  STLD: missing buy_price or last_date, skipping
  EQIX: missing buy_price or last_date, skipping
  NI: missing buy_price or last_date, skipping
  REG: missing buy_price or last_date, skipping
  ✓ MCO: stop exit on 2026-06-03 | P&L: -2.00% | days: 6
  ✓ TROW: stop exit on 2026-06-03 | P&L: -2.00% | days: 6
  KDP: still open (6 days in trade)
  PKG: still open (5 days in trade)
  EMR: still open (5 days in trade)
  ✓ NWSA: stop exit on 2026-06-03 | P&L: -2.00% | days: 4
  ✓ PSKY: stop exit on 2026-06-03 | P&L: -2.00% | days: 4
  ADM: still open (4 days in trade)
  PSX: still open (3 days in trade)
  C: still open (2 days in trade)

✓ Pushed 4 new pullback signals to Supabase

============================================================
PAPER TRADING — 52-WEEK HIGH MOMENTUM
============================================================

=== PAPER TRADING: CHECKING EXITS ===
  conservative: checking 2 open trade(s)
    ✓ MRVL [conservative]: stop exit @ $311.69 | P&L: -2.00% ($-11.45) | 2d
    ✓ HPE [conservative]: stop exit @ $53.10 | P&L: -2.00% ($-11.45) | 2d
  aggressive: checking 2 open trade(s)
    MRVL: still open (1d held)
    ✓ DELL [aggressive]: stop exit @ $417.63 | P&L: -2.00% ($-11.50) | 4d

=== PAPER TRADING: CHECKING MISSED TRADE EXITS (5) ===
    📋 PANW [aggressive] (hypothetical): stop @ $280.72 | P&L: -2.00% | 4d
    📋 NTAP [aggressive] (hypothetical): still open (4d)
    📋 PANW [conservative] (hypothetical): stop @ $280.72 | P&L: -2.00% | 4d
    📋 NTAP [conservative] (hypothetical): still open (4d)
    📋 MRVL [aggressive] (hypothetical): stop @ $311.69 | P&L: -2.00% | 2d

=== PAPER TRADING: FILLING SLOTS ===

  conservative: 2 slot(s) open | available cash: $1122.00
    ⏳ PENDING MRVL [conservative]: $561.00 allocated | RS: 237.9 | entry price fetched tomorrow at open

  aggressive: 1 slot(s) open | available cash: $563.50
    No new candidates (all signals already held)

============================================================
PAPER TRADING COMPLETE
============================================================

✅ Alert sent to Discord
