Loading stock universes...
✓ S&P 500: 502 stocks
✓ NASDAQ 100: 101 stocks
✓ Combined universe: 516 stocks (87 overlap)

Market filter passed: SPY > SMA200 on 2026-06-11 (Close=737.76, SMA200=685.82)
Scanned 100/516 tickers...
Scanned 200/516 tickers...
Scanned 300/516 tickers...
Scanned 400/516 tickers...
Scanned 500/516 tickers...
Calculating relative strength scores...

=== PULLBACK SIGNALS TODAY ===
 rank ticker  relative_strength  last_date
    1    AIZ          10.336319 2026-06-11
    2   TRGP           3.585074 2026-06-11
    3    LYV          -1.404022 2026-06-11
Market filter passed: SPY > SMA200 on 2026-06-11 (Close=737.76, SMA200=685.82)
Scanned 100/516 tickers...
Scanned 200/516 tickers...
Scanned 300/516 tickers...
Scanned 400/516 tickers...
Scanned 500/516 tickers...
Calculating relative strength scores...

=== HIGH MOMENTUM SIGNALS (RS > 50): 0 ===
Empty DataFrame
Columns: [rank, ticker, relative_strength, last_date]
Index: []
Saved chart: data/charts/2026/06/2026-06-11/AIZ/pullback_setup.png
Saved chart: data/charts/2026/06/2026-06-11/TRGP/pullback_setup.png
Saved chart: data/charts/2026/06/2026-06-11/LYV/pullback_setup.png

Saved PDF gallery: data/charts/2026/06/2026-06-11/gallery_2026-06-11.pdf

Saved signals with RS: data/charts/2026/06/2026-06-11/scan_results_2026-06-11.csv

=== CHECKING EXITS FOR 32 OPEN SIGNALS ===
  IEX: still open (5 days in trade)
  D: still open (5 days in trade)
  KIM: still open (5 days in trade)
  WST: still open (4 days in trade)
  MAA: still open (4 days in trade)
  EXR: still open (4 days in trade)
  CVS: still open (3 days in trade)
  MET: still open (3 days in trade)
  FOXA: still open (3 days in trade)
  FOX: still open (3 days in trade)
  PRU: still open (3 days in trade)
  RF: still open (3 days in trade)
  PSA: still open (3 days in trade)
  UNP: still open (2 days in trade)
  ALL: still open (2 days in trade)
  MDLZ: still open (2 days in trade)
  ✓ PKG: time exit on 2026-06-10 | P&L: 0.47% | days: 10
  ✓ EMR: time exit on 2026-06-10 | P&L: -1.37% | days: 10
  ✓ JBL: stop exit on 2026-06-10 | P&L: -2.00% | days: 1
  IBKR: still open (1 days in trade)
  EL: still open (1 days in trade)
  DVA: no post-entry price data yet
  KO: no post-entry price data yet
  ADM: still open (9 days in trade)
  D: no post-entry price data yet
  BIIB: no post-entry price data yet
  LIN: no post-entry price data yet
  CINF: no post-entry price data yet
  CHD: no post-entry price data yet
  DRI: no post-entry price data yet
  PSX: still open (8 days in trade)
  C: still open (7 days in trade)

✓ Pushed 3 new pullback signals to Supabase

============================================================
PAPER TRADING — 52-WEEK HIGH MOMENTUM
============================================================

=== PAPER TRADING: CHECKING EXITS ===
  conservative: no open trades
  aggressive: no open trades

=== PAPER TRADING: FILLING SLOTS ===
  No signals today — nothing to fill

============================================================
PAPER TRADING COMPLETE
============================================================

✅ Alert sent to Discord
