Loading stock universes...
✓ S&P 500: 503 stocks
✓ NASDAQ 100: 101 stocks
✓ Combined universe: 517 stocks (87 overlap)

Market filter passed: SPY > SMA200 on 2026-02-25 (Close=693.15, SMA200=653.04)
Scanned 100/517 tickers...
Scanned 200/517 tickers...
Scanned 300/517 tickers...
Scanned 400/517 tickers...
Scanned 500/517 tickers...
Calculating relative strength scores...

=== SIGNALS TODAY ===
 rank ticker  relative_strength  last_date
    1   FFIV          15.041963 2026-02-25
    2     GL           5.563585 2026-02-25
    3    UDR           2.004005 2026-02-25
    4   REGN          -0.903941 2026-02-25
    5   SMCI          -2.166728 2026-02-25
Saved chart: data/charts/2026/02/2026-02-25/FFIV/pullback_setup.png
Saved chart: data/charts/2026/02/2026-02-25/GL/pullback_setup.png
Saved chart: data/charts/2026/02/2026-02-25/UDR/pullback_setup.png
Saved chart: data/charts/2026/02/2026-02-25/REGN/pullback_setup.png
Saved chart: data/charts/2026/02/2026-02-25/SMCI/pullback_setup.png

Saved PDF gallery: data/charts/2026/02/2026-02-25/gallery_2026-02-25.pdf

Saved signals with RS: data/charts/2026/02/2026-02-25/scan_results_2026-02-25.csv
