Loading stock universes...
✓ S&P 500: 503 stocks
✓ NASDAQ 100: 101 stocks
✓ Combined universe: 517 stocks (87 overlap)

Market filter passed: SPY > SMA200 on 2026-04-28 (Close=711.69, SMA200=669.54)
Scanned 100/517 tickers...
Scanned 200/517 tickers...
Scanned 300/517 tickers...
Scanned 400/517 tickers...
Scanned 500/517 tickers...
Calculating relative strength scores...

=== SIGNALS TODAY ===
 rank ticker  relative_strength  last_date
    1    VLO          30.979318 2026-04-28
    2    MPC          29.132557 2026-04-28
    3    FDS         -10.059351 2026-04-28
    4     BX         -16.327481 2026-04-28
Saved chart: data/charts/2026/04/2026-04-28/VLO/pullback_setup.png
Saved chart: data/charts/2026/04/2026-04-28/MPC/pullback_setup.png
Saved chart: data/charts/2026/04/2026-04-28/FDS/pullback_setup.png
Saved chart: data/charts/2026/04/2026-04-28/BX/pullback_setup.png

Saved PDF gallery: data/charts/2026/04/2026-04-28/gallery_2026-04-28.pdf

Saved signals with RS: data/charts/2026/04/2026-04-28/scan_results_2026-04-28.csv

=== CHECKING EXITS FOR 11 OPEN SIGNALS ===
  APD: still open (5 days in trade)
  ✓ DVA: stop exit on 2026-04-27 | P&L: -2.00% | days: 3
  AEP: still open (2 days in trade)
  LIN: still open (2 days in trade)
  PNW: still open (2 days in trade)
  OKE: still open (1 days in trade)
  CNP: still open (7 days in trade)
  ADM: no post-entry price data yet
  MTB: no post-entry price data yet
  WEC: still open (7 days in trade)
  AEE: no post-entry price data yet

✓ Pushed 4 new signals to Supabase
✅ Signal alert sent to Discord
