Loading stock universes...
✓ S&P 500: 503 stocks
✓ NASDAQ 100: 101 stocks
✓ Combined universe: 517 stocks (87 overlap)

Market filter passed: SPY > SMA200 on 2026-05-05 (Close=723.77, SMA200=671.87)
Scanned 100/517 tickers...
Scanned 200/517 tickers...
Scanned 300/517 tickers...
Scanned 400/517 tickers...
Scanned 500/517 tickers...
Calculating relative strength scores...

=== SIGNALS TODAY ===
 rank ticker  relative_strength  last_date
    1   AMAT          19.979109 2026-05-05
    2   LRCX          15.992457 2026-05-05
    3    MCO          -3.166923 2026-05-05
    4    AME          -3.813018 2026-05-05
    5    FTV          -4.313619 2026-05-05
    6    CRL          -4.464075 2026-05-05
    7     GS          -6.917897 2026-05-05
    8    KEY          -9.251506 2026-05-05
    9    DAL          -9.817140 2026-05-05
   10   FITB         -11.714778 2026-05-05
   11     RF         -13.139791 2026-05-05
   12   ZBRA         -15.701775 2026-05-05
Saved chart: data/charts/2026/05/2026-05-05/AMAT/pullback_setup.png
Saved chart: data/charts/2026/05/2026-05-05/LRCX/pullback_setup.png
Saved chart: data/charts/2026/05/2026-05-05/MCO/pullback_setup.png
Saved chart: data/charts/2026/05/2026-05-05/AME/pullback_setup.png
Saved chart: data/charts/2026/05/2026-05-05/FTV/pullback_setup.png
Saved chart: data/charts/2026/05/2026-05-05/CRL/pullback_setup.png
Saved chart: data/charts/2026/05/2026-05-05/GS/pullback_setup.png
Saved chart: data/charts/2026/05/2026-05-05/KEY/pullback_setup.png
Saved chart: data/charts/2026/05/2026-05-05/DAL/pullback_setup.png
Saved chart: data/charts/2026/05/2026-05-05/FITB/pullback_setup.png
Saved chart: data/charts/2026/05/2026-05-05/RF/pullback_setup.png
Saved chart: data/charts/2026/05/2026-05-05/ZBRA/pullback_setup.png

Saved PDF gallery: data/charts/2026/05/2026-05-05/gallery_2026-05-05.pdf

Saved signals with RS: data/charts/2026/05/2026-05-05/scan_results_2026-05-05.csv

=== CHECKING EXITS FOR 24 OPEN SIGNALS ===
  SHOP: missing buy_price or last_date, skipping
  VRSN: missing buy_price or last_date, skipping
  DAL: missing buy_price or last_date, skipping
  DASH: missing buy_price or last_date, skipping
  MELI: missing buy_price or last_date, skipping
  COIN: missing buy_price or last_date, skipping
  ORCL: missing buy_price or last_date, skipping
  ✓ PNW: stop exit on 2026-05-04 | P&L: -2.00% | days: 7
  AEP: still open (7 days in trade)
  CF: no post-entry price data yet
  OKE: still open (6 days in trade)
  VLO: still open (4 days in trade)
  APA: still open (3 days in trade)
  EOG: still open (3 days in trade)
  ETR: still open (3 days in trade)
  EVRG: still open (2 days in trade)
  COST: still open (2 days in trade)
  CCI: still open (2 days in trade)
  GS: still open (2 days in trade)
  CIEN: still open (2 days in trade)
  AMAT: still open (2 days in trade)
  ATO: still open (2 days in trade)
  LNT: still open (2 days in trade)
  AEE: still open (2 days in trade)

✓ Pushed 12 new signals to Supabase
✅ Signal alert sent to Discord
